<?xml version="1.0" encoding="UTF-8"?>
<testsuite name="JUnit Jupiter" tests="6" skipped="0" failures="0" errors="0" time="0.083" hostname="bimba" timestamp="2025-05-12T10:45:45">
<properties>
<property name="file.encoding" value="UTF-8"/>
<property name="file.separator" value="\"/>
<property name="java.class.path" value="D:\WebITMO\ITMO_Web_Lab_3-main\build\classes;D:\WebITMO\ITMO_Web_Lab_3-main\build\test-classes;D:\WebITMO\ITMO_Web_Lab_3-main\lib\ant-junitlauncher-1.10.12.jar;D:\WebITMO\ITMO_Web_Lab_3-main\lib\apiguardian-api-1.1.2.jar;D:\WebITMO\ITMO_Web_Lab_3-main\lib\checker-qual-3.42.0.jar;D:\WebITMO\ITMO_Web_Lab_3-main\lib\h2-2.3.232.jar;D:\WebITMO\ITMO_Web_Lab_3-main\lib\hamcrest-core-1.3.jar;D:\WebITMO\ITMO_Web_Lab_3-main\lib\jakarta.annotation-api-3.0.0.jar;D:\WebITMO\ITMO_Web_Lab_3-main\lib\jakarta.el-api-6.0.0.jar;D:\WebITMO\ITMO_Web_Lab_3-main\lib\jakarta.enterprise.cdi-api-4.1.0.jar;D:\WebITMO\ITMO_Web_Lab_3-main\lib\jakarta.enterprise.lang-model-4.1.0.jar;D:\WebITMO\ITMO_Web_Lab_3-main\lib\jakarta.faces-api-4.1.0.jar;D:\WebITMO\ITMO_Web_Lab_3-main\lib\jakarta.inject-api-2.0.1.jar;D:\WebITMO\ITMO_Web_Lab_3-main\lib\jakarta.interceptor-api-2.2.0.jar;D:\WebITMO\ITMO_Web_Lab_3-main\lib\jakarta.servlet-api-6.1.0.jar;D:\WebITMO\ITMO_Web_Lab_3-main\lib\junit-4.13.2.jar;D:\WebITMO\ITMO_Web_Lab_3-main\lib\junit-jupiter-api-5.9.2.jar;D:\WebITMO\ITMO_Web_Lab_3-main\lib\junit-jupiter-engine-5.9.2.jar;D:\WebITMO\ITMO_Web_Lab_3-main\lib\junit-platform-commons-1.9.2.jar;D:\WebITMO\ITMO_Web_Lab_3-main\lib\junit-platform-console-standalone-1.9.2.jar;D:\WebITMO\ITMO_Web_Lab_3-main\lib\junit-platform-engine-1.9.2.jar;D:\WebITMO\ITMO_Web_Lab_3-main\lib\opentest4j-1.2.0.jar;D:\WebITMO\ITMO_Web_Lab_3-main\lib\postgresql-42.7.4.jar"/>
<property name="java.class.version" value="64.0"/>
<property name="java.home" value="C:\Program Files\JAVA\jdk-20.0.2.9-hotspot"/>
<property name="java.io.tmpdir" value="C:\Users\konop\AppData\Local\Temp\"/>
<property name="java.library.path" value="C:\Program Files\JAVA\jdk-20.0.2.9-hotspot\bin;C:\WINDOWS\Sun\Java\bin;C:\WINDOWS\system32;C:\WINDOWS;C:\Program Files\JAVA\jdk-20.0.2.9-hotspot\bin;C:\WINDOWS\system32;C:\WINDOWS;C:\WINDOWS\System32\Wbem;C:\WINDOWS\System32\WindowsPowerShell\v1.0\;C:\WINDOWS\System32\OpenSSH\;C:\Program Files\JAVA\jdk-20.0.2.9-hotspot\bin;C:\Program Files\Git\cmd;C:\Program Files\Docker\Docker\resources\bin;D:\Wildfly\bin;C:\Program Files\PostgreSQL\16\bin;D:\wildfly\wildfly-34.0.1.Final\bin;D:\cmake\bin;C:\Program Files\nodejs\;D:\clang\clang+llvm-20.1.0-rc2-x86_64-pc-windows-msvc\bin;D:\MinGW\mingw64\bin;C:\Program Files\Go\bin;C:\Program Files (x86)\Nmap;C:\Program Files\SlikSvn\bin;C:\apache-ant-1.10.15\bin;C:\Users\konop\AppData\Local\Programs\Python\Python311\Scripts\;C:\Users\konop\AppData\Local\Programs\Python\Python311\;C:\Users\konop\AppData\Local\Programs\Python\Python310\Scripts\;C:\Users\konop\AppData\Local\Programs\Python\Python310\;C:\Users\konop\AppData\Local\Microsoft\WindowsApps;D:\PyCharm Community Edition 2022.2.3\bin;;D:\Новая папка\miktex\bin\x64\;D:\Miktex\miktex\bin\x64\;D:\datagrip\DataGrip 2024.1.2\bin;;D:\clion\CLion 2024.2.1\bin;;D:\vscode\Microsoft VS Code\bin;D:\pycharm\PyCharm 2024.2.4\bin;;D:\cmake\bin;C:\Users\konop\AppData\Local\bin\NASM;C:\Users\konop\AppData\Roaming\npm;C:\Users\konop\go\bin;C:\Program Files\JetBrains\GoLand 2024.3.4\bin;;C:\Program Files (x86)\Nmap;C:\apache-ant-1.10.15\bin;;."/>
<property name="java.runtime.name" value="OpenJDK Runtime Environment"/>
<property name="java.runtime.version" value="20.0.2+9"/>
<property name="java.specification.name" value="Java Platform API Specification"/>
<property name="java.specification.vendor" value="Oracle Corporation"/>
<property name="java.specification.version" value="20"/>
<property name="java.vendor" value="Eclipse Adoptium"/>
<property name="java.vendor.url" value="https://adoptium.net/"/>
<property name="java.vendor.url.bug" value="https://github.com/adoptium/adoptium-support/issues"/>
<property name="java.vendor.version" value="Temurin-20.0.2+9"/>
<property name="java.version" value="20.0.2"/>
<property name="java.version.date" value="2023-07-18"/>
<property name="java.vm.compressedOopsMode" value="Zero based"/>
<property name="java.vm.info" value="mixed mode, sharing"/>
<property name="java.vm.name" value="OpenJDK 64-Bit Server VM"/>
<property name="java.vm.specification.name" value="Java Virtual Machine Specification"/>
<property name="java.vm.specification.vendor" value="Oracle Corporation"/>
<property name="java.vm.specification.version" value="20"/>
<property name="java.vm.vendor" value="Eclipse Adoptium"/>
<property name="java.vm.version" value="20.0.2+9"/>
<property name="jdk.debug" value="release"/>
<property name="line.separator" value="
"/>
<property name="native.encoding" value="Cp1251"/>
<property name="os.arch" value="amd64"/>
<property name="os.name" value="Windows 11"/>
<property name="os.version" value="10.0"/>
<property name="path.separator" value=";"/>
<property name="stderr.encoding" value="Cp1251"/>
<property name="stdout.encoding" value="Cp1251"/>
<property name="sun.arch.data.model" value="64"/>
<property name="sun.boot.library.path" value="C:\Program Files\JAVA\jdk-20.0.2.9-hotspot\bin"/>
<property name="sun.cpu.endian" value="little"/>
<property name="sun.cpu.isalist" value="amd64"/>
<property name="sun.io.unicode.encoding" value="UnicodeLittle"/>
<property name="sun.java.command" value="org.junit.platform.console.ConsoleLauncher --scan-classpath --reports-dir=reports"/>
<property name="sun.java.launcher" value="SUN_STANDARD"/>
<property name="sun.jnu.encoding" value="Cp1251"/>
<property name="sun.management.compiler" value="HotSpot 64-Bit Tiered Compilers"/>
<property name="sun.os.patch.level" value=""/>
<property name="user.country" value="RU"/>
<property name="user.dir" value="D:\WebITMO\ITMO_Web_Lab_3-main"/>
<property name="user.home" value="C:\Users\konop"/>
<property name="user.language" value="ru"/>
<property name="user.name" value="konop"/>
<property name="user.script" value=""/>
<property name="user.timezone" value="Europe/Moscow"/>
<property name="user.variant" value=""/>
</properties>
<testcase name="testIsWithinArea_Q1()" classname="org.web.lab3.beans.PointBeanTest" time="0.005">
<system-out><![CDATA[
unique-id: [engine:junit-jupiter]/[class:org.web.lab3.beans.PointBeanTest]/[method:testIsWithinArea_Q1()]
display-name: testIsWithinArea_Q1()
]]></system-out>
</testcase>
<testcase name="testIsWithinArea_Q2()" classname="org.web.lab3.beans.PointBeanTest" time="0">
<system-out><![CDATA[
unique-id: [engine:junit-jupiter]/[class:org.web.lab3.beans.PointBeanTest]/[method:testIsWithinArea_Q2()]
display-name: testIsWithinArea_Q2()
]]></system-out>
</testcase>
<testcase name="testIsWithinArea_Q3()" classname="org.web.lab3.beans.PointBeanTest" time="0">
<system-out><![CDATA[
unique-id: [engine:junit-jupiter]/[class:org.web.lab3.beans.PointBeanTest]/[method:testIsWithinArea_Q3()]
display-name: testIsWithinArea_Q3()
]]></system-out>
</testcase>
<testcase name="testIsWithinArea_Q4()" classname="org.web.lab3.beans.PointBeanTest" time="0">
<system-out><![CDATA[
unique-id: [engine:junit-jupiter]/[class:org.web.lab3.beans.PointBeanTest]/[method:testIsWithinArea_Q4()]
display-name: testIsWithinArea_Q4()
]]></system-out>
</testcase>
<testcase name="testGetCurrentTimeFormat()" classname="org.web.lab3.beans.ClockBeanTest" time="0.024">
<system-out><![CDATA[
unique-id: [engine:junit-jupiter]/[class:org.web.lab3.beans.ClockBeanTest]/[method:testGetCurrentTimeFormat()]
display-name: testGetCurrentTimeFormat()
]]></system-out>
</testcase>
<testcase name="testSetInvalidRadius()" classname="org.web.lab3.beans.PointBeanTest" time="0.019">
<system-out><![CDATA[
unique-id: [engine:junit-jupiter]/[class:org.web.lab3.beans.PointBeanTest]/[method:testSetInvalidRadius()]
display-name: testSetInvalidRadius()
]]></system-out>
</testcase>
<system-out><![CDATA[
unique-id: [engine:junit-jupiter]
display-name: JUnit Jupiter
]]></system-out>
</testsuite>
